This is pdfTeX, Version 3.1415926-1.40.10 (TeX Live 2009/Debian) (format=pdflatex 2013.9.5)  13 JUN 2014 19:15
entering extended mode
 \write18 enabled.
 %&-line parsing enabled.
**text.tex
(./text.tex
LaTeX2e <2009/09/24>
Babel <v3.8l> and hyphenation patterns for english, usenglishmax, dumylang, noh
yphenation, farsi, arabic, croatian, bulgarian, ukrainian, russian, czech, slov
ak, danish, dutch, finnish, french, basque, ngerman, german, german-x-2009-06-1
9, ngerman-x-2009-06-19, ibycus, monogreek, greek, ancientgreek, hungarian, san
skrit, italian, latin, latvian, lithuanian, mongolian2a, mongolian, bokmal, nyn
orsk, romanian, irish, coptic, serbian, turkish, welsh, esperanto, uppersorbian
, estonian, indonesian, interlingua, icelandic, kurmanji, slovenian, polish, po
rtuguese, spanish, galician, catalan, swedish, ukenglish, pinyin, loaded.
(/usr/share/texmf-texlive/tex/latex/base/article.cls
Document Class: article 2007/10/19 v1.4h Standard LaTeX document class
(/usr/share/texmf-texlive/tex/latex/base/size11.clo
File: size11.clo 2007/10/19 v1.4h Standard LaTeX file (size option)
)
\c@part=\count79
\c@section=\count80
\c@subsection=\count81
\c@subsubsection=\count82
\c@paragraph=\count83
\c@subparagraph=\count84
\c@figure=\count85
\c@table=\count86
\abovecaptionskip=\skip41
\belowcaptionskip=\skip42
\bibindent=\dimen102
)
(/usr/share/texmf-texlive/tex/latex/hyperref/hyperref.sty
Package: hyperref 2009/10/09 v6.79a Hypertext links for LaTeX

(/usr/share/texmf-texlive/tex/latex/graphics/keyval.sty
Package: keyval 1999/03/16 v1.13 key=value parser (DPC)
\KV@toks@=\toks14
)
(/usr/share/texmf-texlive/tex/generic/oberdiek/ifpdf.sty
Package: ifpdf 2009/04/10 v2.0 Provides the ifpdf switch (HO)
Package ifpdf Info: pdfTeX in pdf mode detected.
)
(/usr/share/texmf-texlive/tex/generic/oberdiek/ifvtex.sty
Package: ifvtex 2008/11/04 v1.4 Switches for detecting VTeX and its modes (HO)
Package ifvtex Info: VTeX not detected.
)
(/usr/share/texmf-texlive/tex/generic/ifxetex/ifxetex.sty
Package: ifxetex 2009/01/23 v0.5 Provides ifxetex conditional
)
(/usr/share/texmf-texlive/tex/latex/oberdiek/hycolor.sty
Package: hycolor 2009/10/02 v1.5 Code for color options of hyperref/bookmark (H
O)

(/usr/share/texmf-texlive/tex/latex/oberdiek/xcolor-patch.sty
Package: xcolor-patch 2009/10/02 xcolor patch
))
\@linkdim=\dimen103
\Hy@linkcounter=\count87
\Hy@pagecounter=\count88

(/usr/share/texmf-texlive/tex/latex/hyperref/pd1enc.def
File: pd1enc.def 2009/10/09 v6.79a Hyperref: PDFDocEncoding definition (HO)
)
(/usr/share/texmf-texlive/tex/generic/oberdiek/etexcmds.sty
Package: etexcmds 2007/12/12 v1.2 Prefix for e-TeX command names (HO)

(/usr/share/texmf-texlive/tex/generic/oberdiek/infwarerr.sty
Package: infwarerr 2007/09/09 v1.2 Providing info/warning/message (HO)
)
Package etexcmds Info: Could not find \expanded.
(etexcmds)             That can mean that you are not using pdfTeX 1.50 or
(etexcmds)             that some package has redefined \expanded.
(etexcmds)             In the latter case, load this package earlier.
)
(/usr/share/texmf-texlive/tex/latex/latexconfig/hyperref.cfg
File: hyperref.cfg 2002/06/06 v1.2 hyperref configuration of TeXLive
)
(/usr/share/texmf-texlive/tex/latex/oberdiek/kvoptions.sty
Package: kvoptions 2009/08/13 v3.4 Keyval support for LaTeX options (HO)

(/usr/share/texmf-texlive/tex/generic/oberdiek/kvsetkeys.sty
Package: kvsetkeys 2009/07/30 v1.5 Key value parser with default handler suppor
t (HO)
))
Package hyperref Info: Hyper figures OFF on input line 2975.
Package hyperref Info: Link nesting OFF on input line 2980.
Package hyperref Info: Hyper index ON on input line 2983.
Package hyperref Info: Plain pages OFF on input line 2990.
Package hyperref Info: Backreferencing OFF on input line 2995.

Implicit mode ON; LaTeX internals redefined
Package hyperref Info: Bookmarks ON on input line 3191.
(/usr/share/texmf-texlive/tex/latex/ltxmisc/url.sty
\Urlmuskip=\muskip10
Package: url 2006/04/12  ver 3.3  Verb mode for urls, etc.
)
LaTeX Info: Redefining \url on input line 3428.

(/usr/share/texmf-texlive/tex/generic/oberdiek/bitset.sty
Package: bitset 2007/09/28 v1.0 Data type bit set (HO)

(/usr/share/texmf-texlive/tex/generic/oberdiek/intcalc.sty
Package: intcalc 2007/09/27 v1.1 Expandable integer calculations (HO)
)
(/usr/share/texmf-texlive/tex/generic/oberdiek/bigintcalc.sty
Package: bigintcalc 2007/11/11 v1.1 Expandable big integer calculations (HO)

(/usr/share/texmf-texlive/tex/generic/oberdiek/pdftexcmds.sty
Package: pdftexcmds 2009/09/23 v0.6 LuaTeX support for pdfTeX utility functions
 (HO)

(/usr/share/texmf-texlive/tex/generic/oberdiek/ifluatex.sty
Package: ifluatex 2009/04/17 v1.2 Provides the ifluatex switch (HO)
Package ifluatex Info: LuaTeX not detected.
)
(/usr/share/texmf-texlive/tex/generic/oberdiek/ltxcmds.sty
Package: ltxcmds 2009/08/05 v1.0 Some LaTeX kernel commands for general use (HO
)
)
Package pdftexcmds Info: LuaTeX not detected.
Package pdftexcmds Info: \pdf@primitive is available.
Package pdftexcmds Info: \pdf@ifprimitive is available.
)))
\Fld@menulength=\count89
\Field@Width=\dimen104
\Fld@charsize=\dimen105
\Field@toks=\toks15
Package hyperref Info: Hyper figures OFF on input line 4377.
Package hyperref Info: Link nesting OFF on input line 4382.
Package hyperref Info: Hyper index ON on input line 4385.
Package hyperref Info: backreferencing OFF on input line 4392.
Package hyperref Info: Link coloring OFF on input line 4397.
Package hyperref Info: Link coloring with OCG OFF on input line 4402.
Package hyperref Info: PDF/A mode OFF on input line 4407.

(/usr/share/texmf-texlive/tex/generic/oberdiek/atbegshi.sty
Package: atbegshi 2008/07/31 v1.9 At begin shipout hook (HO)
)
\Hy@abspage=\count90
\c@Item=\count91
\c@Hfootnote=\count92
)
*hyperref using default driver hpdftex*
(/usr/share/texmf-texlive/tex/latex/hyperref/hpdftex.def
File: hpdftex.def 2009/10/09 v6.79a Hyperref driver for pdfTeX
\Fld@listcount=\count93
)
(/var/lib/texmf/tex/generic/babel/babel.sty
Package: babel 2008/07/06 v3.8l The Babel package

(/usr/share/texmf-texlive/tex/generic/babel/english.ldf
Language: english 2005/03/30 v3.3o English support from the babel system

(/usr/share/texmf-texlive/tex/generic/babel/babel.def
File: babel.def 2008/07/06 v3.8l Babel common definitions
\babel@savecnt=\count94
\U@D=\dimen106
)
\l@canadian = a dialect from \language\l@american 
\l@australian = a dialect from \language\l@british 
\l@newzealand = a dialect from \language\l@british 
))
(/usr/share/texmf-texlive/tex/latex/listings/listings.sty
\lst@mode=\count95
\lst@gtempboxa=\box26
\lst@token=\toks16
\lst@length=\count96
\lst@currlwidth=\dimen107
\lst@column=\count97
\lst@pos=\count98
\lst@lostspace=\dimen108
\lst@width=\dimen109
\lst@newlines=\count99
\lst@lineno=\count100
\lst@maxwidth=\dimen110

(/usr/share/texmf-texlive/tex/latex/listings/lstmisc.sty
File: lstmisc.sty 2007/02/22 1.4 (Carsten Heinz)
\c@lstnumber=\count101
\lst@skipnumbers=\count102
\lst@framebox=\box27
)
(/usr/share/texmf-texlive/tex/latex/listings/listings.cfg
File: listings.cfg 2007/02/22 1.4 listings configuration
))
Package: listings 2007/02/22 1.4 (Carsten Heinz)

(/usr/share/texmf-texlive/tex/latex/graphics/color.sty
Package: color 2005/11/14 v1.0j Standard LaTeX Color (DPC)

(/etc/texmf/tex/latex/config/color.cfg
File: color.cfg 2007/01/18 v1.5 color configuration of teTeX/TeXLive
)
Package color Info: Driver file: pdftex.def on input line 130.

(/usr/share/texmf-texlive/tex/latex/pdftex-def/pdftex.def
File: pdftex.def 2010/03/12 v0.04p Graphics/color for pdfTeX
\Gread@gobject=\count103
))
(/usr/share/texmf-texlive/tex/latex/graphics/graphicx.sty
Package: graphicx 1999/02/16 v1.0f Enhanced LaTeX Graphics (DPC,SPQR)

(/usr/share/texmf-texlive/tex/latex/graphics/graphics.sty
Package: graphics 2009/02/05 v1.0o Standard LaTeX Graphics (DPC,SPQR)

(/usr/share/texmf-texlive/tex/latex/graphics/trig.sty
Package: trig 1999/03/16 v1.09 sin cos tan (DPC)
)
(/etc/texmf/tex/latex/config/graphics.cfg
File: graphics.cfg 2009/08/28 v1.8 graphics configuration of TeX Live
)
Package graphics Info: Driver file: pdftex.def on input line 91.
)
\Gin@req@height=\dimen111
\Gin@req@width=\dimen112
)
(/usr/share/texmf-texlive/tex/latex/multirow/multirow.sty
\bigstrutjot=\dimen113
)
(/usr/share/texmf-texlive/tex/latex/listings/lstlang1.sty
File: lstlang1.sty 2004/09/05 1.3 listings language file
) (./text.aux
(./title_page.aux))
\openout1 = `text.aux'.

LaTeX Font Info:    Checking defaults for OML/cmm/m/it on input line 35.
LaTeX Font Info:    ... okay on input line 35.
LaTeX Font Info:    Checking defaults for T1/cmr/m/n on input line 35.
LaTeX Font Info:    ... okay on input line 35.
LaTeX Font Info:    Checking defaults for OT1/cmr/m/n on input line 35.
LaTeX Font Info:    ... okay on input line 35.
LaTeX Font Info:    Checking defaults for OMS/cmsy/m/n on input line 35.
LaTeX Font Info:    ... okay on input line 35.
LaTeX Font Info:    Checking defaults for OMX/cmex/m/n on input line 35.
LaTeX Font Info:    ... okay on input line 35.
LaTeX Font Info:    Checking defaults for U/cmr/m/n on input line 35.
LaTeX Font Info:    ... okay on input line 35.
LaTeX Font Info:    Checking defaults for PD1/pdf/m/n on input line 35.
LaTeX Font Info:    ... okay on input line 35.
Package hyperref Info: Link coloring OFF on input line 35.
 (/usr/share/texmf-texlive/tex/latex/hyperref/nameref.sty
Package: nameref 2007/05/29 v2.31 Cross-referencing by name of section

(/usr/share/texmf-texlive/tex/latex/oberdiek/refcount.sty
Package: refcount 2008/08/11 v3.1 Data extraction from references (HO)
)
\c@section@level=\count104
)
LaTeX Info: Redefining \ref on input line 35.
LaTeX Info: Redefining \pageref on input line 35.
 (./text.out)
(./text.out)
\@outlinefile=\write3
\openout3 = `text.out'.

\AtBeginShipoutBox=\box28
\c@lstlisting=\count105
 (/usr/share/texmf-texlive/tex/context/base/supp-pdf.mkii
[Loading MPS to PDF converter (version 2006.09.02).]
\scratchcounter=\count106
\scratchdimen=\dimen114
\scratchbox=\box29
\nofMPsegments=\count107
\nofMParguments=\count108
\everyMPshowfont=\toks17
\MPscratchCnt=\count109
\MPscratchDim=\dimen115
\MPnumerator=\count110
\everyMPtoPDFconversion=\toks18
)
\openout2 = `title_page.aux'.

 (./title_page.tex [1


{/var/lib/texmf/fonts/map/pdftex/updmap/pdftex.map}])
LaTeX Font Info:    External font `cmex10' loaded for size
(Font)              <10.95> on input line 42.
LaTeX Font Info:    External font `cmex10' loaded for size
(Font)              <8> on input line 42.
LaTeX Font Info:    External font `cmex10' loaded for size
(Font)              <6> on input line 42.
pdfTeX warning (ext4): destination with the same identifier (name{page.1}) has 
been already used, duplicate ignored
<to be read again> 
                   \relax 
l.60 		C
        an't move [1

]
LaTeX Font Info:    Try loading font information for OMS+cmr on input line 60.
 (/usr/share/texmf-texlive/tex/latex/base/omscmr.fd
File: omscmr.fd 1999/05/25 v2.5h Standard LaTeX font definitions
)
LaTeX Font Info:    Font shape `OMS/cmr/m/n' in size <10.95> not available
(Font)              Font shape `OMS/cmsy/m/n' tried instead on input line 60.

[2]
LaTeX Font Info:    Try loading font information for OML+cmtt on input line 116
.
LaTeX Font Info:    No file OMLcmtt.fd. on input line 116.


LaTeX Font Warning: Font shape `OML/cmtt/m/n' undefined
(Font)              using `OML/cmm/m/it' instead
(Font)              for symbol `textless' on input line 116.


Overfull \hbox (6.19522pt too wide) in paragraph at lines 133--134
[]\OT1/cmtt/m/n/10.95 List\OML/cmtt/m/n/10.95 <\OT1/cmtt/m/n/10.95 Prey\OML/cmt
t/m/n/10.95 > \OT1/cmtt/m/n/10.95 getPreyAround(); \OT1/cmr/m/n/10.95 re-turns 
the prey from the neigh-
 []


Overfull \hbox (15.56334pt too wide) in paragraph at lines 137--138
\OT1/cmtt/m/n/10.95 List\OML/cmtt/m/n/10.95 <\OT1/cmtt/m/n/10.95 Predator\OML/c
mtt/m/n/10.95 > \OT1/cmtt/m/n/10.95 getFoeAround(); \OT1/cmr/m/n/10.95 which re
-turns the preda-tors around
 []

[3]
Overfull \hbox (60.58948pt too wide) in paragraph at lines 170--171
[][][][][][][][][]  
 []


Overfull \hbox (60.58948pt too wide) in paragraph at lines 173--174
[][][][][][][][][]  
 []

[4] [5] [6] <init.png, id=124, 521.95pt x 521.95pt>
File: init.png Graphic file (type png)
 <use init.png>
<plots.pdf, id=125, 361.35pt x 252.945pt>
File: plots.pdf Graphic file (type pdf)
 <use plots.pdf>
Overfull \hbox (1.34912pt too wide) in paragraph at lines 249--250
 [][] 
 []

[7 <./init.png (PNG copy)>] [8 <./plots.pdf>] [9] (./text.aux (./title_page.aux
))

LaTeX Font Warning: Some font shapes were not available, defaults substituted.


LaTeX Warning: Label(s) may have changed. Rerun to get cross-references right.

 ) 
Here is how much of TeX's memory you used:
 5912 strings out of 493848
 85231 string characters out of 1152824
 214976 words of memory out of 3000000
 9024 multiletter control sequences out of 15000+50000
 9312 words of font info for 33 fonts, out of 3000000 for 9000
 714 hyphenation exceptions out of 8191
 38i,9n,40p,681b,1759s stack positions out of 5000i,500n,10000p,200000b,50000s
</usr/share/texmf-texlive/fonts/type1/public/amsfonts/cm/cmbx12.pfb></usr/sha
re/texmf-texlive/fonts/type1/public/amsfonts/cm/cmcsc10.pfb></usr/share/texmf-t
exlive/fonts/type1/public/amsfonts/cm/cmex10.pfb></usr/share/texmf-texlive/font
s/type1/public/amsfonts/cm/cmmi10.pfb></usr/share/texmf-texlive/fonts/type1/pub
lic/amsfonts/cm/cmmi8.pfb></usr/share/texmf-texlive/fonts/type1/public/amsfonts
/cm/cmr10.pfb></usr/share/texmf-texlive/fonts/type1/public/amsfonts/cm/cmr12.pf
b></usr/share/texmf-texlive/fonts/type1/public/amsfonts/cm/cmr17.pfb></usr/shar
e/texmf-texlive/fonts/type1/public/amsfonts/cm/cmr6.pfb></usr/share/texmf-texli
ve/fonts/type1/public/amsfonts/cm/cmr8.pfb></usr/share/texmf-texlive/fonts/type
1/public/amsfonts/cm/cmsy10.pfb></usr/share/texmf-texlive/fonts/type1/public/am
sfonts/cm/cmsy6.pfb></usr/share/texmf-texlive/fonts/type1/public/amsfonts/cm/cm
sy8.pfb></usr/share/texmf-texlive/fonts/type1/public/amsfonts/cm/cmti10.pfb></u
sr/share/texmf-texlive/fonts/type1/public/amsfonts/cm/cmtt10.pfb>
Output written on text.pdf (10 pages, 231605 bytes).
PDF statistics:
 216 PDF objects out of 1000 (max. 8388607)
 85 named destinations out of 1000 (max. 500000)
 11 words of extra memory for PDF output out of 10000 (max. 10000000)

